<?xml version="1.0" encoding="UTF-8"?>
<!-- Generated by org.testng.reporters.JUnitReportReporter -->
<testsuite hostname="DESKTOP-T65CPCB" failures="0" tests="1" name="automation.EmployeesList" time="7.520" errors="0" timestamp="2022-11-08T18:41:21 IST" skipped="0">
  <testcase classname="automation.EmployeesList" name="getEmployeesList" time="7.520"/>
  <system-out/>
</testsuite> <!-- automation.EmployeesList -->
