<?xml version="1.0" encoding="UTF-8"?>
<!-- Generated by org.testng.reporters.JUnitReportReporter -->
<testsuite hostname="DESKTOP-T65CPCB" failures="0" tests="1" name="TC001.POST_Request" time="2.633" errors="0" timestamp="2022-11-05T15:49:06 IST" skipped="0">
  <testcase classname="TC001.POST_Request" name="registerCustomer" time="2.633"/>
  <system-out/>
</testsuite> <!-- TC001.POST_Request -->
