<?xml version="1.0" encoding="UTF-8"?>
<!-- Generated by org.testng.reporters.JUnitReportReporter -->
<testsuite hostname="DESKTOP-T65CPCB" failures="0" tests="1" name="TC001.GET_MAP_request" time="0.241" errors="0" timestamp="2022-11-08T00:38:59 IST" skipped="0">
  <testcase classname="TC001.GET_MAP_request" name="googleMap" time="0.241"/>
  <system-out/>
</testsuite> <!-- TC001.GET_MAP_request -->
