<?xml version="1.0" encoding="UTF-8"?>
<!-- Generated by org.testng.reporters.JUnitReportReporter -->
<testsuite hostname="DESKTOP-T65CPCB" failures="0" tests="1" name="TC001.GET_Request_validatingJSONResponse" time="2.269" errors="0" timestamp="2022-11-05T15:50:22 IST" skipped="0">
  <testcase classname="TC001.GET_Request_validatingJSONResponse" name="validatingJSONbody" time="2.269"/>
  <system-out/>
</testsuite> <!-- TC001.GET_Request_validatingJSONResponse -->
