<?xml version="1.0" encoding="UTF-8"?>
<!-- Generated by org.testng.reporters.JUnitReportReporter -->
<testsuite hostname="DESKTOP-T65CPCB" failures="0" tests="3" name="TC001.POST_createUser_Authentication" time="1.978" errors="0" timestamp="2022-11-08T00:38:59 IST" skipped="0">
  <testcase classname="TC001.POST_createUser_Authentication" name="createID" time="1.554"/>
  <system-out/>
  <testcase classname="TC001.POST_createUser_Authentication" name="createID" time="0.235"/>
  <system-out/>
  <testcase classname="TC001.POST_createUser_Authentication" name="createID" time="0.189"/>
  <system-out/>
</testsuite> <!-- TC001.POST_createUser_Authentication -->
