<?xml version="1.0" encoding="UTF-8"?>
<!-- Generated by org.testng.reporters.JUnitReportReporter -->
<testsuite hostname="DESKTOP-T65CPCB" failures="0" tests="3" name="DataDriven.POST_createUser_Authentication" time="2.083" errors="0" timestamp="2022-11-07T21:01:22 IST" skipped="0">
  <testcase classname="DataDriven.POST_createUser_Authentication" name="createID" time="0.229"/>
  <system-out/>
  <testcase classname="DataDriven.POST_createUser_Authentication" name="createID" time="0.221"/>
  <system-out/>
  <testcase classname="DataDriven.POST_createUser_Authentication" name="createID" time="1.633"/>
  <system-out/>
</testsuite> <!-- DataDriven.POST_createUser_Authentication -->
