<?xml version="1.0" encoding="UTF-8"?>
<!-- Generated by org.testng.reporters.JUnitReportReporter -->
<testsuite hostname="DESKTOP-T65CPCB" failures="0" tests="1" name="DataDriven.POST_createUser" time="1.794" errors="0" timestamp="2022-11-05T16:02:09 IST" skipped="0">
  <testcase classname="DataDriven.POST_createUser" name="createID" time="1.794"/>
  <system-out/>
</testsuite> <!-- DataDriven.POST_createUser -->
